Сборка начата 21.04.2021 14:04:26.
Уровень детализации журнала: Normal.     1>Проект "D:\Нада\Мат прога за мат сори\Lab_4\MP_lab_4\MP_lab_4\MP_lab_4.vcxproj" в узле 2 (целевые объекты Build).
     1>InitializeBuildStatus:
         Создание "x64\Debug\MP_lab_4.tlog\unsuccessfulbuild", так как было задано "AlwaysCreate".
       ClCompile:
         C:\Program Files (x86)\Microsoft Visual Studio\2019\Community\VC\Tools\MSVC\14.27.29110\bin\HostX86\x64\CL.exe /c /ZI /JMC /nologo /W3 /WX- /diagnostics:column /sdl /Od /D _DEBUG /D _CONSOLE /D _UNICODE /D UNICODE /Gm- /EHsc /RTC1 /MDd /GS /fp:precise /permissive- /Zc:wchar_t /Zc:forScope /Zc:inline /Fo"x64\Debug\\" /Fd"x64\Debug\vc142.pdb" /Gd /TP /FC /errorReport:prompt Source.cpp
         Source.cpp
     1>D:\Нада\Мат прога за мат сори\Lab_4\MP_lab_4\MP_lab_4\Source.cpp(15,1): warning C4326: возвращаемый тип "main" должен быть "int", а не "void"
       Link:
         C:\Program Files (x86)\Microsoft Visual Studio\2019\Community\VC\Tools\MSVC\14.27.29110\bin\HostX86\x64\link.exe /ERRORREPORT:PROMPT /OUT:"D:\Нада\Мат прога за мат сори\Lab_4\MP_lab_4\x64\Debug\MP_lab_4.exe" /INCREMENTAL /NOLOGO kernel32.lib user32.lib gdi32.lib winspool.lib comdlg32.lib advapi32.lib shell32.lib ole32.lib oleaut32.lib uuid.lib odbc32.lib odbccp32.lib /MANIFEST /MANIFESTUAC:"level='asInvoker' uiAccess='false'" /manifest:embed /DEBUG:FASTLINK /PDB:"D:\Нада\Мат прога за мат сори\Lab_4\MP_lab_4\x64\Debug\MP_lab_4.pdb" /SUBSYSTEM:CONSOLE /TLBID:1 /DYNAMICBASE /NXCOMPAT /IMPLIB:"D:\Нада\Мат прога за мат сори\Lab_4\MP_lab_4\x64\Debug\MP_lab_4.lib" /MACHINE:X64 x64\Debug\Levenshtein.obj
         x64\Debug\MultyMatrix.obj
         x64\Debug\Source.obj
         x64\Debug\Task1.obj
         MP_lab_4.vcxproj -> D:\Нада\Мат прога за мат сори\Lab_4\MP_lab_4\x64\Debug\MP_lab_4.exe
       FinalizeBuildStatus:
         Файл "x64\Debug\MP_lab_4.tlog\unsuccessfulbuild" удаляется.
         Обращение к "x64\Debug\MP_lab_4.tlog\MP_lab_4.lastbuildstate".
     1>Сборка проекта "D:\Нада\Мат прога за мат сори\Lab_4\MP_lab_4\MP_lab_4\MP_lab_4.vcxproj" завершена (целевые объекты Build).

Сборка успешно завершена.

       "D:\Нада\Мат прога за мат сори\Lab_4\MP_lab_4\MP_lab_4\MP_lab_4.vcxproj" (целевой объект Build ) (1) ->
       (Целевой объект ClCompile) -> 
         D:\Нада\Мат прога за мат сори\Lab_4\MP_lab_4\MP_lab_4\Source.cpp(15,1): warning C4326: возвращаемый тип "main" должен быть "int", а не "void"

    Предупреждений: 1
    Ошибок: 0

Прошло времени 00:00:00.90
